commit f299126bf1a4b5da9b9b5f94353077b554b43d21
Merge: 65661a2 3ada374
Author: Alexander Collins <agcollins@utexas.edu>
Date:   Fri Feb 19 19:43:46 2016 -0600

    Final commit before merge with master

commit 65661a24b9bf0b7a5c4f8a026e130782b8854b3c
Author: Alexander Collins <agcollins@utexas.edu>
Date:   Fri Feb 19 19:00:22 2016 -0600

    Added unit tests for Candidate and Ballot

commit 3ada374da3ddadfc295a217d7d19e93771df5320
Author: David Malone <dmalone7@cs.utexas.edu>
Date:   Fri Feb 19 19:00:19 2016 -0600

    created more unit tests for election class

commit 84842382fbb7c1a869d22a6150c7b2e3d0405b33
Author: David Malone <dmalone7@cs.utexas.edu>
Date:   Fri Feb 19 18:53:29 2016 -0600

    created more unit tests, 3 per function

commit 2d3dbb6430f9c4b3d4f890f0091ffd9e38b26579
Author: David Malone <dmalone7@cs.utexas.edu>
Date:   Fri Feb 19 18:11:32 2016 -0600

    created more unit tests

commit a149ea09ac42e5e31f88238e92cc46e5913912ff
Author: David Malone <dmalone7@cs.utexas.edu>
Date:   Fri Feb 19 17:36:10 2016 -0600

    uva accepted due to formatting

commit 9a9ef2d2b351b7fc650fa957cc951091b4a0eecc
Merge: 17e7c35 daee640
Author: Alexander Collins <agcollins@utexas.edu>
Date:   Fri Feb 19 17:02:30 2016 -0600

    Merge branch 'dev' of https://github.com/dmalone7/cs371p-voting into dev
    I did commits before pulling....

commit daee640926e32913edd7dffdec0a965f01b196a8
Author: David Malone <dmalone7@cs.utexas.edu>
Date:   Fri Feb 19 17:02:01 2016 -0600

    added more test files

commit 17e7c351e13fa9b540c919787d6889db97669d39
Author: Alexander Collins <agcollins@utexas.edu>
Date:   Fri Feb 19 17:01:58 2016 -0600

    Added possible optimization which limits amount of copying

commit 2319bf143371c08f6a66ec51e02a417797133194
Author: David Malone <dmalone7@cs.utexas.edu>
Date:   Fri Feb 19 16:54:36 2016 -0600

    added comments to all files

commit 953f3d9136c6b18277b2728984b3a97ab0b2fc66
Author: Alexander Collins <agcollins@utexas.edu>
Date:   Fri Feb 19 16:38:32 2016 -0600

    Added UVa file.

commit f56dc987d6bc1874a5a7bc52cb3cd680c63492e2
Author: Alexander Collins <agcollins@utexas.edu>
Date:   Fri Feb 19 16:30:11 2016 -0600

    Finally fixed the tie bugs

commit b10d7587f202460b6a777461b17436395a13fda7
Author: Alexander Collins <agcollins@utexas.edu>
Date:   Fri Feb 19 15:49:13 2016 -0600

    Fixed a ton of bugs related to modifying copies of Candidates.

commit 590144b5cdb6202d963a2d0c423ccb7de9a561cf
Author: David Malone <dmalone7@cs.utexas.edu>
Date:   Fri Feb 19 14:51:02 2016 -0600

    added input cases

commit 33d26eec2253527d7493f7f824cfc6da9bd686fc
Author: David Malone <dmalone7@cs.utexas.edu>
Date:   Fri Feb 19 14:49:16 2016 -0600

    fixing bugs in voting.c++

commit 870c30f63ff778b4094841a5ca80632b1a6ef15d
Author: David Malone <dmalone7@cs.utexas.edu>
Date:   Thu Feb 18 22:01:34 2016 -0600

    removed useless file

commit e608b989f67f995b23e5e2e275e71a8fc1571484
Author: David Malone <dmalone7@cs.utexas.edu>
Date:   Thu Feb 18 21:59:00 2016 -0600

    removed useless files and added .gitignore

commit 990263f4e166270e7e0c615dcc006fa00457bb98
Author: dmalone7 <maloned101@utexas.edu>
Date:   Thu Feb 18 21:52:59 2016 -0600

    Create .gitignore

commit b4edd5121feb5dd89e8fa1b6cc9cc8655639a49b
Merge: 867fa42 2e7ea95
Author: David Malone <dmalone7@cs.utexas.edu>
Date:   Thu Feb 18 21:50:42 2016 -0600

    made more test

commit 867fa4222c3984f8524794c4aed50c6df5c7da80
Author: David Malone <dmalone7@cs.utexas.edu>
Date:   Thu Feb 18 21:48:08 2016 -0600

    created UVa voting and more unit tests

commit 2e7ea95118b7a0357e62d2e6f10adf733c2f7cd9
Author: Alexander Collins <agcollins@utexas.edu>
Date:   Thu Feb 18 21:18:13 2016 -0600

    Added  more unit tests

commit 7379d4d4b65f7d58b8129dacf3e1933715cc2329
Merge: 51f61a9 39a69b5
Author: Alexander Collins <agcollins@utexas.edu>
Date:   Thu Feb 18 21:11:48 2016 -0600

    Merge branch 'dev' of https://github.com/dmalone7/cs371p-voting into dev
    Unit tests not synched

commit 39a69b5381f61e08e1ef529e168b96c9d66da94d
Merge: 7422fc1 ae7d44f
Author: David Malone <dmalone7@cs.utexas.edu>
Date:   Thu Feb 18 21:11:13 2016 -0600

    Merge branch 'dev' of https://github.com/dmalone7/cs371p-voting into dev
    unit test merge

commit 51f61a988d95446a327bc2f2a32e9943d15468c4
Author: Alexander Collins <agcollins@utexas.edu>
Date:   Thu Feb 18 21:10:13 2016 -0600

    added some numvotes unit tests

commit 7422fc122b9b678187e92efab9d2cdb5b80059dd
Author: David Malone <dmalone7@cs.utexas.edu>
Date:   Thu Feb 18 21:10:03 2016 -0600

    Creating unit tests

commit ae7d44f3358dbb20340be18b3ebafcccf9cb91f8
Author: Alexander Collins <agcollins@utexas.edu>
Date:   Thu Feb 18 21:02:33 2016 -0600

    More doxygen stuff

commit 65ca8994ac6471bcc40e869d8ff3a103e2006576
Author: Alexander Collins <agcollins@utexas.edu>
Date:   Thu Feb 18 21:00:43 2016 -0600

    Constructor defined for Ballot(vector<int>)

commit 36eb5376e05da5063e15e20a0f1e36f2413bb0a1
Author: Alexander Collins <agcollins@utexas.edu>
Date:   Thu Feb 18 20:59:15 2016 -0600

    Added a new Ballot constructor

commit 1860c9fc8c2bec979453540564ff9b4620d3cf25
Author: David Malone <dmalone7@cs.utexas.edu>
Date:   Thu Feb 18 20:58:32 2016 -0600

    added string magic

commit a46ccb5963fddab34c716cc22932504317f1c935
Author: Alexander Collins <agcollins@utexas.edu>
Date:   Thu Feb 18 20:44:05 2016 -0600

    Finished doxy documentation

commit 3fa5f82f76da67405326931bd4f861195c8fd66a
Author: Alexander Collins <agcollins@utexas.edu>
Date:   Thu Feb 18 20:33:32 2016 -0600

    Added some doxygen documentation to the h file

commit e15945a8fe32a798af2ae5962aff0c599d7be924
Author: David Malone <dmalone7@cs.utexas.edu>
Date:   Thu Feb 18 20:07:14 2016 -0600

    LET US WRITE TESTS

commit 56bf4b24f219f040a08d55720b292ced13ce4986
Author: David Malone <dmalone7@cs.utexas.edu>
Date:   Thu Feb 18 19:09:18 2016 -0600

    Added the rest of the code to solve the test cases

commit 09c84d3ee161df5701c8f0bfc7fa31dc204e1f4d
Author: Alexander Collins <agcollins@utexas.edu>
Date:   Wed Feb 17 15:08:15 2016 -0600

    Started really digging deep on adding the class implementation

commit 1ee253215dbfe46d1c4b1da8b0110da5ebbfbce8
Author: Alexander Collins <agcollins@utexas.edu>
Date:   Wed Feb 17 13:16:36 2016 -0600

    Added TestVoting.out

commit 756f8f026bb4b7e316280b3c9952d65e62b84db9
Author: Alexander Collins <agcollins@utexas.edu>
Date:   Wed Feb 17 13:06:15 2016 -0600

    Removed extra files.

commit 7095531257ed17afea9eba374ff9b05b05613a13
Author: Alexander Collins <agcollins@utexas.edu>
Date:   Wed Feb 17 13:01:21 2016 -0600

    added travis yml file...

commit 290835b9188b0897b772ca975403ed7ec4e099ce
Author: Alexander Collins <agcollins@utexas.edu>
Date:   Wed Feb 17 13:00:29 2016 -0600

    Travis push

commit 04b541a8ce1b0ffe259bb1cdfefb7cb0186bac9a
Author: Alexander Collins <agcollins@utexas.edu>
Date:   Wed Feb 17 12:52:39 2016 -0600

    Added files to run the tests; created unit test for voting_solve()

commit 344a23878762322c434809022b7692b6b691a245
Author: Alexander Collins <agcollins@utexas.edu>
Date:   Mon Feb 15 17:06:59 2016 -0600

    Added the devil's input code

commit 2fe19b33fd80e1e6bf5ba6ae4e41ec3937386cea
Author: David Malone <dmalone7@cs.utexas.edu>
Date:   Mon Feb 15 16:07:24 2016 -0600

    simple solution for voting

commit 9bf783212f167aa5f745964c41d782df043d66fc
Author: Alexander Collins <agcollins@utexas.edu>
Date:   Fri Feb 12 13:02:51 2016 -0600

    Added some initial ideas for how to repesent the Ballots and Candidates.

commit fa4bc7d453c4bb18c690fe2582592c8fd09cd599
Author: David Malone <dmalone7@cs.utexas.edu>
Date:   Fri Feb 12 12:16:08 2016 -0600

    delete this

commit 286bd75bec8754a668c591f33ec2a09895c4af3e
Author: dmalone7 <maloned101@utexas.edu>
Date:   Tue Feb 9 19:53:17 2016 -0600

    Initial commit
